[debug] [2021-05-03T05:47:36.148Z] ----------------------------------------------------------------------
[debug] [2021-05-03T05:47:36.151Z] Command:       /home/laradock/.nvm/versions/node/v12.12.0/bin/node /home/laradock/.nvm/versions/node/v12.12.0/bin/firebase login
[debug] [2021-05-03T05:47:36.151Z] CLI Version:   9.10.0
[debug] [2021-05-03T05:47:36.152Z] Platform:      linux
[debug] [2021-05-03T05:47:36.152Z] Node Version:  v12.12.0
[debug] [2021-05-03T05:47:36.152Z] Time:          Mon May 03 2021 05:47:36 GMT+0000 (Coordinated Universal Time)
[debug] [2021-05-03T05:47:36.152Z] ----------------------------------------------------------------------
[debug] 
[debug] [2021-05-03T05:47:36.155Z] >>> [apiv2][query] GET https://firebase-public.firebaseio.com/cli.json [none]
[info] i  Firebase optionally collects CLI usage and error reporting information to help improve our products. Data is collected in accordance with Google's privacy policy (https://policies.google.com/privacy) and is not used to identify you.
 
[debug] [2021-05-03T05:47:37.210Z] <<< [apiv2][status] GET https://firebase-public.firebaseio.com/cli.json 200
[debug] [2021-05-03T05:47:37.210Z] <<< [apiv2][body] GET https://firebase-public.firebaseio.com/cli.json {"cloudBuildErrorAfter":1594252800000,"cloudBuildWarnAfter":1590019200000,"defaultNode10After":1594252800000,"minVersion":"3.0.5","node8DeploysDisabledAfter":1613390400000,"node8RuntimeDisabledAfter":1615809600000,"node8WarnAfter":1600128000000}
[info] i  To change your data collection preference at any time, run `firebase logout` and log in again. 
[info] 
[info] Visit this URL on this device to log in:
[info] https://accounts.google.com/o/oauth2/auth?client_id=563584335869-fgrhgmd47bqnekij5i8b5pr03ho849e6.apps.googleusercontent.com&scope=email%20openid%20https%3A%2F%2Fwww.googleapis.com%2Fauth%2Fcloudplatformprojects.readonly%20https%3A%2F%2Fwww.googleapis.com%2Fauth%2Ffirebase%20https%3A%2F%2Fwww.googleapis.com%2Fauth%2Fcloud-platform&response_type=code&state=784771195&redirect_uri=http%3A%2F%2Flocalhost%3A9005
[info] 
[info] Waiting for authentication...
[debug] [2021-05-03T05:58:42.381Z] ----------------------------------------------------------------------
[debug] [2021-05-03T05:58:42.384Z] Command:       /usr/bin/node /usr/bin/firebase init
[debug] [2021-05-03T05:58:42.385Z] CLI Version:   8.6.0
[debug] [2021-05-03T05:58:42.385Z] Platform:      linux
[debug] [2021-05-03T05:58:42.385Z] Node Version:  v10.23.0
[debug] [2021-05-03T05:58:42.419Z] Time:          Mon May 03 2021 02:58:42 GMT-0300 (Brasilia Standard Time)
[debug] [2021-05-03T05:58:42.419Z] ----------------------------------------------------------------------
[debug] [2021-05-03T05:58:42.419Z] 
[debug] [2021-05-03T05:58:42.438Z] > command requires scopes: ["email","openid","https://www.googleapis.com/auth/cloudplatformprojects.readonly","https://www.googleapis.com/auth/firebase","https://www.googleapis.com/auth/cloud-platform"]
[debug] [2021-05-03T05:58:42.439Z] > authorizing via signed-in user
[info] 
     ######## #### ########  ######## ########     ###     ######  ########
     ##        ##  ##     ## ##       ##     ##  ##   ##  ##       ##
     ######    ##  ########  ######   ########  #########  ######  ######
     ##        ##  ##    ##  ##       ##     ## ##     ##       ## ##
     ##       #### ##     ## ######## ########  ##     ##  ######  ########

You're about to initialize a Firebase project in this directory:

  /lab/midi-pad-controller-react-redux-master

Before we get started, keep in mind:

  * You are currently outside your home directory

[info] 
=== Project Setup
[info] 
[info] First, let's associate this project directory with a Firebase project.
[info] You can create multiple project aliases by running firebase use --add, 
[info] but for now we'll just set up a default project.
[info] 
[info] i  If you want to create a project in a Google Cloud organization or folder, please use "firebase projects:create" instead, and return to this command when you've created the project. 
[debug] [2021-05-03T05:59:25.033Z] > refreshing access token with scopes: ["email","https://www.googleapis.com/auth/cloud-platform","https://www.googleapis.com/auth/cloudplatformprojects.readonly","https://www.googleapis.com/auth/firebase","openid"]
[debug] [2021-05-03T05:59:25.033Z] >>> HTTP REQUEST POST https://www.googleapis.com/oauth2/v3/token  
 <request body omitted>
[debug] [2021-05-03T05:59:25.668Z] <<< HTTP RESPONSE 400 {"expires":"Mon, 01 Jan 1990 00:00:00 GMT","pragma":"no-cache","date":"Mon, 03 May 2021 05:59:25 GMT","cache-control":"no-cache, no-store, max-age=0, must-revalidate","content-type":"application/json; charset=utf-8","vary":"X-Origin, Referer, Origin,Accept-Encoding","server":"scaffolding on HTTPServer2","x-xss-protection":"0","x-frame-options":"SAMEORIGIN","x-content-type-options":"nosniff","alt-svc":"h3-29=\":443\"; ma=2592000,h3-T051=\":443\"; ma=2592000,h3-Q050=\":443\"; ma=2592000,h3-Q046=\":443\"; ma=2592000,h3-Q043=\":443\"; ma=2592000,quic=\":443\"; ma=2592000; v=\"46,43\"","accept-ranges":"none","transfer-encoding":"chunked"}
[debug] [2021-05-03T05:59:25.670Z] >>> HTTP REQUEST POST https://cloudresourcemanager.googleapis.com/v1/projects  
 {"projectId":"gitxomeapp","name":"gitxomeapp"}
[debug] [2021-05-03T05:59:26.968Z] <<< HTTP RESPONSE 401 {"www-authenticate":"Bearer realm=\"https://accounts.google.com/\", error=\"invalid_token\"","vary":"X-Origin, Referer, Origin,Accept-Encoding","content-type":"application/json; charset=UTF-8","date":"Mon, 03 May 2021 05:59:26 GMT","server":"ESF","cache-control":"private","x-xss-protection":"0","x-frame-options":"SAMEORIGIN","x-content-type-options":"nosniff","server-timing":"gfet4t7; dur=727","alt-svc":"h3-29=\":443\"; ma=2592000,h3-T051=\":443\"; ma=2592000,h3-Q050=\":443\"; ma=2592000,h3-Q046=\":443\"; ma=2592000,h3-Q043=\":443\"; ma=2592000,quic=\":443\"; ma=2592000; v=\"46,43\"","accept-ranges":"none","transfer-encoding":"chunked"}
[debug] [2021-05-03T05:59:26.971Z] <<< HTTP RESPONSE BODY {"error":{"code":401,"message":"Request had invalid authentication credentials. Expected OAuth 2 access token, login cookie or other valid authentication credential. See https://developers.google.com/identity/sign-in/web/devconsole-project.","status":"UNAUTHENTICATED"}}
[debug] [2021-05-03T05:59:26.979Z] FirebaseError: HTTP Error: 401, Request had invalid authentication credentials. Expected OAuth 2 access token, login cookie or other valid authentication credential. See https://developers.google.com/identity/sign-in/web/devconsole-project.
    at module.exports (/usr/lib/node_modules/firebase-tools/lib/responseToError.js:38:12)
    at Request._callback (/usr/lib/node_modules/firebase-tools/lib/api.js:41:35)
    at Request.self.callback (/usr/lib/node_modules/firebase-tools/node_modules/request/request.js:185:22)
    at Request.emit (events.js:198:13)
    at Request.EventEmitter.emit (domain.js:448:20)
    at Request.<anonymous> (/usr/lib/node_modules/firebase-tools/node_modules/request/request.js:1154:10)
    at Request.emit (events.js:198:13)
    at Request.EventEmitter.emit (domain.js:448:20)
    at IncomingMessage.<anonymous> (/usr/lib/node_modules/firebase-tools/node_modules/request/request.js:1076:12)
    at Object.onceWrapper (events.js:286:20)
    at IncomingMessage.emit (events.js:203:15)
    at IncomingMessage.EventEmitter.emit (domain.js:448:20)
    at endReadableNT (_stream_readable.js:1145:12)
    at process._tickCallback (internal/process/next_tick.js:63:19)
[error] 
[error] Error: Failed to create project. See firebase-debug.log for more info.
